<?xml version="1.0" encoding="UTF-8"?>
<testng-results ignored="0" total="4" passed="4" failed="0" skipped="0">
  <reporter-output>
  </reporter-output>
  <suite started-at="2024-07-05T18:34:22 EET" name="Surefire suite" finished-at="2024-07-05T18:34:28 EET" duration-ms="5701">
    <groups>
    </groups>
    <test started-at="2024-07-05T18:34:22 EET" name="Surefire test" finished-at="2024-07-05T18:34:28 EET" duration-ms="5701">
      <class name="TestCases">
        <test-method is-config="true" signature="setup()[pri:0, instance:TestCases@6bca7e0d]" started-at="2024-07-05T18:34:22 EET" name="setup" finished-at="2024-07-05T18:34:23 EET" duration-ms="946" status="PASS">
          <reporter-output>
          </reporter-output>
        </test-method> <!-- setup -->
        <test-method signature="postData()[pri:1, instance:TestCases@6bca7e0d]" started-at="2024-07-05T18:34:23 EET" name="postData" finished-at="2024-07-05T18:34:23 EET" duration-ms="74" status="PASS">
          <reporter-output>
          </reporter-output>
        </test-method> <!-- postData -->
        <test-method signature="updateData()[pri:2, instance:TestCases@6bca7e0d]" started-at="2024-07-05T18:34:23 EET" name="updateData" finished-at="2024-07-05T18:34:23 EET" duration-ms="12" status="PASS">
          <reporter-output>
          </reporter-output>
        </test-method> <!-- updateData -->
        <test-method signature="getData()[pri:3, instance:TestCases@6bca7e0d]" started-at="2024-07-05T18:34:23 EET" name="getData" finished-at="2024-07-05T18:34:27 EET" duration-ms="4272" status="PASS">
          <reporter-output>
          </reporter-output>
        </test-method> <!-- getData -->
        <test-method signature="deleteData()[pri:4, instance:TestCases@6bca7e0d]" started-at="2024-07-05T18:34:27 EET" name="deleteData" finished-at="2024-07-05T18:34:27 EET" duration-ms="6" status="PASS">
          <reporter-output>
          </reporter-output>
        </test-method> <!-- deleteData -->
        <test-method is-config="true" signature="closeConnection()[pri:0, instance:TestCases@6bca7e0d]" started-at="2024-07-05T18:34:27 EET" name="closeConnection" finished-at="2024-07-05T18:34:28 EET" duration-ms="336" status="PASS">
          <reporter-output>
          </reporter-output>
        </test-method> <!-- closeConnection -->
      </class> <!-- TestCases -->
    </test> <!-- Surefire test -->
  </suite> <!-- Surefire suite -->
</testng-results>
